This file contains any messages produced by compilers while
running configure, to aid debugging if configure makes a mistake.

It was created by libhangul configure 0.1.0, which was
generated by GNU Autoconf 2.72.  Invocation command line was

<<<<<<< HEAD
  $ ./configure --prefix /usr
=======
  $ ./configure CFLAGS=-O2 CXXFLAGS=-O2 --prefix=/usr
>>>>>>> 0b7f7a1 (Clean up and add local files)

## --------- ##
## Platform. ##
## --------- ##

<<<<<<< HEAD
hostname = Sin
uname -m = x86_64
uname -r = 6.10.10-arch1-1
uname -s = Linux
uname -v = #1 SMP PREEMPT_DYNAMIC Thu, 12 Sep 2024 17:21:02 +0000
=======
hostname = Libert
uname -m = x86_64
uname -r = 6.9.9-arch1-1
uname -s = Linux
uname -v = #1 SMP PREEMPT_DYNAMIC Fri, 12 Jul 2024 00:06:53 +0000
>>>>>>> 0b7f7a1 (Clean up and add local files)

/usr/bin/uname -p = unknown
/bin/uname -X     = unknown

/bin/arch              = unknown
/usr/bin/arch -k       = unknown
/usr/convex/getsysinfo = unknown
/usr/bin/hostinfo      = unknown
/bin/machine           = unknown
/usr/bin/oslevel       = unknown
/bin/universe          = unknown

<<<<<<< HEAD
PATH: /usr/local/sbin/
PATH: /usr/local/bin/
PATH: /usr/bin/
PATH: /usr/bin/site_perl/
PATH: /usr/bin/vendor_perl/
PATH: /usr/bin/core_perl/
=======
PATH: /home/libert/.local/share/gem/ruby/3.0.0/bin/
PATH: /usr/local/sbin/
PATH: /usr/local/bin/
PATH: /usr/bin/
PATH: /usr/lib/jvm/default/bin/
PATH: /usr/bin/site_perl/
PATH: /usr/bin/vendor_perl/
PATH: /usr/bin/core_perl/
PATH: /opt/rocm/bin/
>>>>>>> 0b7f7a1 (Clean up and add local files)


## ----------- ##
## Core tests. ##
## ----------- ##

<<<<<<< HEAD
configure:2590: looking for aux files: ltmain.sh config.guess config.sub compile config.rpath missing install-sh
configure:2603:  trying ./
configure:2632:   ./ltmain.sh found
configure:2632:   ./config.guess found
configure:2632:   ./config.sub found
configure:2632:   ./compile found
configure:2632:   ./config.rpath found
configure:2632:   ./missing found
configure:2614:   ./install-sh found
configure:2762: checking for a BSD-compatible install
configure:2836: result: /usr/bin/install -c
configure:2847: checking whether sleep supports fractional seconds
configure:2863: result: yes
configure:2866: checking filesystem timestamp resolution
configure:3001: result: 0.01
configure:3006: checking whether build environment is sane
configure:3047: result: yes
configure:3218: checking for a race-free mkdir -p
configure:3261: result: /usr/bin/mkdir -p
configure:3268: checking for gawk
configure:3289: found /usr/bin/gawk
configure:3301: result: gawk
configure:3312: checking whether make sets $(MAKE)
configure:3336: result: yes
configure:3362: checking whether make supports nested variables
configure:3381: result: yes
configure:3395: checking xargs -n works
configure:3411: result: yes
configure:3536: checking whether to enable maintainer-specific portions of Makefiles
configure:3547: result: no
configure:3562: checking for a sed that does not truncate output
configure:3634: result: /usr/bin/sed
configure:3640: checking whether NLS is requested
configure:3651: result: yes
configure:3691: checking for msgfmt
configure: trying /usr/bin/msgfmt...
0 translated messages.
configure:3725: result: /usr/bin/msgfmt
configure:3734: checking for gmsgfmt
configure:3771: result: /usr/bin/msgfmt
configure:3821: checking for xgettext
configure: trying /usr/bin/xgettext...
/usr/bin/xgettext: warning: file '/dev/null' extension '' is unknown; will try C
configure:3855: result: /usr/bin/xgettext
configure:3900: checking for msgmerge
configure: trying /usr/bin/msgmerge...
configure:3933: result: /usr/bin/msgmerge
configure:3979: checking whether make supports the include directive
configure:3994: make -f confmf.GNU && cat confinc.out
this is the am__doit target
configure:3997: $? = 0
configure:4016: result: yes (GNU style)
configure:4093: checking for gcc
configure:4114: found /usr/bin/gcc
configure:4126: result: gcc
configure:4485: checking for C compiler version
configure:4494: gcc --version >&5
gcc (GCC) 14.2.1 20240910
=======
configure:2588: looking for aux files: ltmain.sh config.guess config.sub compile config.rpath missing install-sh
configure:2601:  trying ./
configure:2630:   ./ltmain.sh found
configure:2630:   ./config.guess found
configure:2630:   ./config.sub found
configure:2630:   ./compile found
configure:2630:   ./config.rpath found
configure:2630:   ./missing found
configure:2612:   ./install-sh found
configure:2760: checking for a BSD-compatible install
configure:2834: result: /usr/bin/install -c
configure:2845: checking whether build environment is sane
configure:2900: result: yes
configure:3061: checking for a race-free mkdir -p
configure:3104: result: /usr/bin/mkdir -p
configure:3111: checking for gawk
configure:3132: found /usr/bin/gawk
configure:3144: result: gawk
configure:3155: checking whether make sets $(MAKE)
configure:3179: result: yes
configure:3209: checking whether make supports nested variables
configure:3228: result: yes
configure:3391: checking whether to enable maintainer-specific portions of Makefiles
configure:3402: result: no
configure:3417: checking for a sed that does not truncate output
configure:3489: result: /usr/bin/sed
configure:3495: checking whether NLS is requested
configure:3506: result: yes
configure:3546: checking for msgfmt
configure: trying /usr/bin/msgfmt...
0 translated messages.
configure:3580: result: /usr/bin/msgfmt
configure:3589: checking for gmsgfmt
configure:3626: result: /usr/bin/msgfmt
configure:3676: checking for xgettext
configure: trying /usr/bin/xgettext...
/usr/bin/xgettext: warning: file '/dev/null' extension '' is unknown; will try C
configure:3710: result: /usr/bin/xgettext
configure:3755: checking for msgmerge
configure: trying /usr/bin/msgmerge...
configure:3788: result: /usr/bin/msgmerge
configure:3834: checking whether make supports the include directive
configure:3849: make -f confmf.GNU && cat confinc.out
this is the am__doit target
configure:3852: $? = 0
configure:3871: result: yes (GNU style)
configure:3948: checking for gcc
configure:3969: found /usr/bin/gcc
configure:3981: result: gcc
configure:4340: checking for C compiler version
configure:4349: gcc --version >&5
gcc (GCC) 14.1.1 20240522
>>>>>>> 0b7f7a1 (Clean up and add local files)
Copyright (C) 2024 Free Software Foundation, Inc.
This is free software; see the source for copying conditions.  There is NO
warranty; not even for MERCHANTABILITY or FITNESS FOR A PARTICULAR PURPOSE.

<<<<<<< HEAD
configure:4505: $? = 0
configure:4494: gcc -v >&5
Using built-in specs.
COLLECT_GCC=gcc
COLLECT_LTO_WRAPPER=/usr/lib/gcc/x86_64-pc-linux-gnu/14.2.1/lto-wrapper
=======
configure:4360: $? = 0
configure:4349: gcc -v >&5
Using built-in specs.
COLLECT_GCC=gcc
COLLECT_LTO_WRAPPER=/usr/lib/gcc/x86_64-pc-linux-gnu/14.1.1/lto-wrapper
>>>>>>> 0b7f7a1 (Clean up and add local files)
Target: x86_64-pc-linux-gnu
Configured with: /build/gcc/src/gcc/configure --enable-languages=ada,c,c++,d,fortran,go,lto,m2,objc,obj-c++,rust --enable-bootstrap --prefix=/usr --libdir=/usr/lib --libexecdir=/usr/lib --mandir=/usr/share/man --infodir=/usr/share/info --with-bugurl=https://gitlab.archlinux.org/archlinux/packaging/packages/gcc/-/issues --with-build-config=bootstrap-lto --with-linker-hash-style=gnu --with-system-zlib --enable-__cxa_atexit --enable-cet=auto --enable-checking=release --enable-clocale=gnu --enable-default-pie --enable-default-ssp --enable-gnu-indirect-function --enable-gnu-unique-object --enable-libstdcxx-backtrace --enable-link-serialization=1 --enable-linker-build-id --enable-lto --enable-multilib --enable-plugin --enable-shared --enable-threads=posix --disable-libssp --disable-libstdcxx-pch --disable-werror
Thread model: posix
Supported LTO compression algorithms: zlib zstd
<<<<<<< HEAD
gcc version 14.2.1 20240910 (GCC) 
configure:4505: $? = 0
configure:4494: gcc -V >&5
gcc: error: unrecognized command-line option '-V'
gcc: fatal error: no input files
compilation terminated.
configure:4505: $? = 1
configure:4494: gcc -qversion >&5
gcc: error: unrecognized command-line option '-qversion'; did you mean '--version'?
gcc: fatal error: no input files
compilation terminated.
configure:4505: $? = 1
configure:4494: gcc -version >&5
gcc: error: unrecognized command-line option '-version'
gcc: fatal error: no input files
compilation terminated.
configure:4505: $? = 1
configure:4525: checking whether the C compiler works
configure:4547: gcc    conftest.c  >&5
configure:4551: $? = 0
configure:4602: result: yes
configure:4606: checking for C compiler default output file name
configure:4608: result: a.out
configure:4614: checking for suffix of executables
configure:4621: gcc -o conftest    conftest.c  >&5
configure:4625: $? = 0
configure:4649: result: 
configure:4673: checking whether we are cross compiling
configure:4681: gcc -o conftest    conftest.c  >&5
configure:4685: $? = 0
configure:4692: ./conftest
configure:4696: $? = 0
configure:4711: result: no
configure:4717: checking for suffix of object files
configure:4740: gcc -c   conftest.c >&5
configure:4744: $? = 0
configure:4768: result: o
configure:4772: checking whether the compiler supports GNU C
configure:4792: gcc -c   conftest.c >&5
configure:4792: $? = 0
configure:4804: result: yes
configure:4815: checking whether gcc accepts -g
configure:4836: gcc -c -g  conftest.c >&5
configure:4836: $? = 0
configure:4883: result: yes
configure:4903: checking for gcc option to enable C11 features
configure:4918: gcc  -c -g -O2  conftest.c >&5
configure:4918: $? = 0
configure:4937: result: none needed
configure:5061: checking whether gcc understands -c and -o together
configure:5084: gcc -c conftest.c -o conftest2.o
configure:5087: $? = 0
configure:5084: gcc -c conftest.c -o conftest2.o
configure:5087: $? = 0
configure:5100: result: yes
configure:5119: checking dependency style of gcc
configure:5232: result: gcc3
configure:5253: checking build system type
configure:5269: result: x86_64-pc-linux-gnu
configure:5289: checking host system type
configure:5304: result: x86_64-pc-linux-gnu
configure:5351: checking for ld used by gcc
configure:5420: result: /usr/bin/ld
configure:5427: checking if the linker (/usr/bin/ld) is GNU ld
configure:5444: result: yes
configure:5452: checking for shared library run path origin
configure:5467: result: done
configure:5494: checking how to run the C preprocessor
configure:5520: gcc -E  conftest.c
configure:5520: $? = 0
configure:5536: gcc -E  conftest.c
=======
gcc version 14.1.1 20240522 (GCC) 
configure:4360: $? = 0
configure:4349: gcc -V >&5
gcc: error: unrecognized command-line option '-V'
gcc: fatal error: no input files
compilation terminated.
configure:4360: $? = 1
configure:4349: gcc -qversion >&5
gcc: error: unrecognized command-line option '-qversion'; did you mean '--version'?
gcc: fatal error: no input files
compilation terminated.
configure:4360: $? = 1
configure:4349: gcc -version >&5
gcc: error: unrecognized command-line option '-version'
gcc: fatal error: no input files
compilation terminated.
configure:4360: $? = 1
configure:4380: checking whether the C compiler works
configure:4402: gcc -O2   conftest.c  >&5
configure:4406: $? = 0
configure:4457: result: yes
configure:4461: checking for C compiler default output file name
configure:4463: result: a.out
configure:4469: checking for suffix of executables
configure:4476: gcc -o conftest -O2   conftest.c  >&5
configure:4480: $? = 0
configure:4504: result: 
configure:4528: checking whether we are cross compiling
configure:4536: gcc -o conftest -O2   conftest.c  >&5
configure:4540: $? = 0
configure:4547: ./conftest
configure:4551: $? = 0
configure:4566: result: no
configure:4572: checking for suffix of object files
configure:4595: gcc -c -O2  conftest.c >&5
configure:4599: $? = 0
configure:4623: result: o
configure:4627: checking whether the compiler supports GNU C
configure:4647: gcc -c -O2  conftest.c >&5
configure:4647: $? = 0
configure:4659: result: yes
configure:4670: checking whether gcc accepts -g
configure:4691: gcc -c -g  conftest.c >&5
configure:4691: $? = 0
configure:4738: result: yes
configure:4758: checking for gcc option to enable C11 features
configure:4773: gcc  -c -O2  conftest.c >&5
configure:4773: $? = 0
configure:4792: result: none needed
configure:4916: checking whether gcc understands -c and -o together
configure:4939: gcc -c conftest.c -o conftest2.o
configure:4942: $? = 0
configure:4939: gcc -c conftest.c -o conftest2.o
configure:4942: $? = 0
configure:4955: result: yes
configure:4974: checking dependency style of gcc
configure:5087: result: gcc3
configure:5108: checking build system type
configure:5124: result: x86_64-pc-linux-gnu
configure:5144: checking host system type
configure:5159: result: x86_64-pc-linux-gnu
configure:5206: checking for ld used by gcc
configure:5275: result: /usr/bin/ld
configure:5282: checking if the linker (/usr/bin/ld) is GNU ld
configure:5299: result: yes
configure:5307: checking for shared library run path origin
configure:5322: result: done
configure:5349: checking how to run the C preprocessor
configure:5375: gcc -E  conftest.c
configure:5375: $? = 0
configure:5391: gcc -E  conftest.c
>>>>>>> 0b7f7a1 (Clean up and add local files)
conftest.c:11:10: fatal error: ac_nonexistent.h: No such file or directory
   11 | #include <ac_nonexistent.h>
      |          ^~~~~~~~~~~~~~~~~~
compilation terminated.
<<<<<<< HEAD
configure:5536: $? = 1
=======
configure:5391: $? = 1
>>>>>>> 0b7f7a1 (Clean up and add local files)
configure: failed program was:
| /* confdefs.h */
| #define PACKAGE_NAME "libhangul"
| #define PACKAGE_TARNAME "libhangul"
| #define PACKAGE_VERSION "0.1.0"
| #define PACKAGE_STRING "libhangul 0.1.0"
| #define PACKAGE_BUGREPORT "https://github.com/libhangul/libhangul"
| #define PACKAGE_URL ""
| #define PACKAGE "libhangul"
| #define VERSION "0.1.0"
| /* end confdefs.h.  */
| #include <ac_nonexistent.h>
<<<<<<< HEAD
configure:5565: result: gcc -E
configure:5579: gcc -E  conftest.c
configure:5579: $? = 0
configure:5595: gcc -E  conftest.c
=======
configure:5420: result: gcc -E
configure:5434: gcc -E  conftest.c
configure:5434: $? = 0
configure:5450: gcc -E  conftest.c
>>>>>>> 0b7f7a1 (Clean up and add local files)
conftest.c:11:10: fatal error: ac_nonexistent.h: No such file or directory
   11 | #include <ac_nonexistent.h>
      |          ^~~~~~~~~~~~~~~~~~
compilation terminated.
<<<<<<< HEAD
configure:5595: $? = 1
=======
configure:5450: $? = 1
>>>>>>> 0b7f7a1 (Clean up and add local files)
configure: failed program was:
| /* confdefs.h */
| #define PACKAGE_NAME "libhangul"
| #define PACKAGE_TARNAME "libhangul"
| #define PACKAGE_VERSION "0.1.0"
| #define PACKAGE_STRING "libhangul 0.1.0"
| #define PACKAGE_BUGREPORT "https://github.com/libhangul/libhangul"
| #define PACKAGE_URL ""
| #define PACKAGE "libhangul"
| #define VERSION "0.1.0"
| /* end confdefs.h.  */
| #include <ac_nonexistent.h>
<<<<<<< HEAD
configure:5628: checking for egrep -e
configure:5758: result: /usr/bin/grep -E
configure:6320: checking for CFPreferencesCopyAppValue
configure:6339: gcc -o conftest -g -O2   conftest.c  -Wl,-framework -Wl,CoreFoundation >&5
=======
configure:5483: checking for egrep -e
configure:5613: result: /usr/bin/grep -E
configure:6175: checking for CFPreferencesCopyAppValue
configure:6194: gcc -o conftest -O2   conftest.c  -Wl,-framework -Wl,CoreFoundation >&5
>>>>>>> 0b7f7a1 (Clean up and add local files)
conftest.c:11:10: fatal error: CoreFoundation/CFPreferences.h: No such file or directory
   11 | #include <CoreFoundation/CFPreferences.h>
      |          ^~~~~~~~~~~~~~~~~~~~~~~~~~~~~~~~
compilation terminated.
<<<<<<< HEAD
configure:6339: $? = 1
=======
configure:6194: $? = 1
>>>>>>> 0b7f7a1 (Clean up and add local files)
configure: failed program was:
| /* confdefs.h */
| #define PACKAGE_NAME "libhangul"
| #define PACKAGE_TARNAME "libhangul"
| #define PACKAGE_VERSION "0.1.0"
| #define PACKAGE_STRING "libhangul 0.1.0"
| #define PACKAGE_BUGREPORT "https://github.com/libhangul/libhangul"
| #define PACKAGE_URL ""
| #define PACKAGE "libhangul"
| #define VERSION "0.1.0"
| /* end confdefs.h.  */
| #include <CoreFoundation/CFPreferences.h>
| int
| main (void)
| {
| CFPreferencesCopyAppValue(NULL, NULL)
|   ;
|   return 0;
| }
<<<<<<< HEAD
configure:6351: result: no
configure:6358: checking for CFLocaleCopyCurrent
configure:6377: gcc -o conftest -g -O2   conftest.c  -Wl,-framework -Wl,CoreFoundation >&5
=======
configure:6206: result: no
configure:6213: checking for CFLocaleCopyCurrent
configure:6232: gcc -o conftest -O2   conftest.c  -Wl,-framework -Wl,CoreFoundation >&5
>>>>>>> 0b7f7a1 (Clean up and add local files)
conftest.c:11:10: fatal error: CoreFoundation/CFLocale.h: No such file or directory
   11 | #include <CoreFoundation/CFLocale.h>
      |          ^~~~~~~~~~~~~~~~~~~~~~~~~~~
compilation terminated.
<<<<<<< HEAD
configure:6377: $? = 1
=======
configure:6232: $? = 1
>>>>>>> 0b7f7a1 (Clean up and add local files)
configure: failed program was:
| /* confdefs.h */
| #define PACKAGE_NAME "libhangul"
| #define PACKAGE_TARNAME "libhangul"
| #define PACKAGE_VERSION "0.1.0"
| #define PACKAGE_STRING "libhangul 0.1.0"
| #define PACKAGE_BUGREPORT "https://github.com/libhangul/libhangul"
| #define PACKAGE_URL ""
| #define PACKAGE "libhangul"
| #define VERSION "0.1.0"
| /* end confdefs.h.  */
| #include <CoreFoundation/CFLocale.h>
| int
| main (void)
| {
| CFLocaleCopyCurrent();
|   ;
|   return 0;
| }
<<<<<<< HEAD
configure:6389: result: no
configure:6438: checking for GNU gettext in libc
configure:6468: gcc -o conftest -g -O2   conftest.c  >&5
configure:6468: $? = 0
configure:6480: result: yes
configure:7342: checking whether to use NLS
configure:7344: result: yes
configure:7347: checking where the gettext function comes from
configure:7358: result: libc
configure:7471: checking for gcc
configure:7504: result: gcc
configure:7863: checking for C compiler version
configure:7872: gcc --version >&5
gcc (GCC) 14.2.1 20240910
=======
configure:6244: result: no
configure:6293: checking for GNU gettext in libc
configure:6323: gcc -o conftest -O2   conftest.c  >&5
configure:6323: $? = 0
configure:6335: result: yes
configure:7197: checking whether to use NLS
configure:7199: result: yes
configure:7202: checking where the gettext function comes from
configure:7213: result: libc
configure:7326: checking for gcc
configure:7359: result: gcc
configure:7718: checking for C compiler version
configure:7727: gcc --version >&5
gcc (GCC) 14.1.1 20240522
>>>>>>> 0b7f7a1 (Clean up and add local files)
Copyright (C) 2024 Free Software Foundation, Inc.
This is free software; see the source for copying conditions.  There is NO
warranty; not even for MERCHANTABILITY or FITNESS FOR A PARTICULAR PURPOSE.

<<<<<<< HEAD
configure:7883: $? = 0
configure:7872: gcc -v >&5
Using built-in specs.
COLLECT_GCC=gcc
COLLECT_LTO_WRAPPER=/usr/lib/gcc/x86_64-pc-linux-gnu/14.2.1/lto-wrapper
=======
configure:7738: $? = 0
configure:7727: gcc -v >&5
Using built-in specs.
COLLECT_GCC=gcc
COLLECT_LTO_WRAPPER=/usr/lib/gcc/x86_64-pc-linux-gnu/14.1.1/lto-wrapper
>>>>>>> 0b7f7a1 (Clean up and add local files)
Target: x86_64-pc-linux-gnu
Configured with: /build/gcc/src/gcc/configure --enable-languages=ada,c,c++,d,fortran,go,lto,m2,objc,obj-c++,rust --enable-bootstrap --prefix=/usr --libdir=/usr/lib --libexecdir=/usr/lib --mandir=/usr/share/man --infodir=/usr/share/info --with-bugurl=https://gitlab.archlinux.org/archlinux/packaging/packages/gcc/-/issues --with-build-config=bootstrap-lto --with-linker-hash-style=gnu --with-system-zlib --enable-__cxa_atexit --enable-cet=auto --enable-checking=release --enable-clocale=gnu --enable-default-pie --enable-default-ssp --enable-gnu-indirect-function --enable-gnu-unique-object --enable-libstdcxx-backtrace --enable-link-serialization=1 --enable-linker-build-id --enable-lto --enable-multilib --enable-plugin --enable-shared --enable-threads=posix --disable-libssp --disable-libstdcxx-pch --disable-werror
Thread model: posix
Supported LTO compression algorithms: zlib zstd
<<<<<<< HEAD
gcc version 14.2.1 20240910 (GCC) 
configure:7883: $? = 0
configure:7872: gcc -V >&5
gcc: error: unrecognized command-line option '-V'
gcc: fatal error: no input files
compilation terminated.
configure:7883: $? = 1
configure:7872: gcc -qversion >&5
gcc: error: unrecognized command-line option '-qversion'; did you mean '--version'?
gcc: fatal error: no input files
compilation terminated.
configure:7883: $? = 1
configure:7872: gcc -version >&5
gcc: error: unrecognized command-line option '-version'
gcc: fatal error: no input files
compilation terminated.
configure:7883: $? = 1
configure:7887: checking whether the compiler supports GNU C
configure:7919: result: yes
configure:7930: checking whether gcc accepts -g
configure:7998: result: yes
configure:8018: checking for gcc option to enable C11 features
configure:8052: result: none needed
configure:8176: checking whether gcc understands -c and -o together
configure:8215: result: yes
configure:8234: checking dependency style of gcc
configure:8347: result: gcc3
configure:8410: checking how to print strings
configure:8437: result: printf
configure:8458: checking for a sed that does not truncate output
configure:8530: result: /usr/bin/sed
configure:8548: checking for grep that handles long lines and -e
configure:8614: result: /usr/bin/grep
configure:8619: checking for egrep
configure:8689: result: /usr/bin/grep -E
configure:8696: checking for fgrep
configure:8766: result: /usr/bin/grep -F
configure:8803: checking for ld used by gcc
configure:8872: result: /usr/bin/ld
configure:8879: checking if the linker (/usr/bin/ld) is GNU ld
configure:8896: result: yes
configure:8908: checking for BSD- or MS-compatible name lister (nm)
configure:8964: result: /usr/bin/nm -B
configure:9106: checking the name lister (/usr/bin/nm -B) interface
configure:9114: gcc -c -g -O2  conftest.c >&5
configure:9117: /usr/bin/nm -B "conftest.o"
configure:9120: output
0000000000000000 B some_variable
configure:9128: result: BSD nm
configure:9131: checking whether ln -s works
configure:9135: result: yes
configure:9143: checking the maximum length of command line arguments
configure:9276: result: 1572864
configure:9324: checking how to convert x86_64-pc-linux-gnu file names to x86_64-pc-linux-gnu format
configure:9366: result: func_convert_file_noop
configure:9373: checking how to convert x86_64-pc-linux-gnu file names to toolchain format
configure:9395: result: func_convert_file_noop
configure:9402: checking for /usr/bin/ld option to reload object files
configure:9411: result: -r
configure:9444: checking for file
configure:9465: found /usr/bin/file
configure:9478: result: file
configure:9541: checking for objdump
configure:9562: found /usr/bin/objdump
configure:9574: result: objdump
configure:9606: checking how to recognize dependent libraries
configure:9807: result: pass_all
configure:9898: checking for dlltool
configure:9934: result: no
configure:9964: checking how to associate runtime and link libraries
configure:9993: result: printf %s\n
configure:10059: checking for ar
configure:10080: found /usr/bin/ar
configure:10092: result: ar
configure:10145: checking for archiver @FILE support
configure:10163: gcc -c -g -O2  conftest.c >&5
configure:10163: $? = 0
configure:10167: ar cr libconftest.a @conftest.lst >&5
configure:10170: $? = 0
configure:10175: ar cr libconftest.a @conftest.lst >&5
ar: conftest.o: No such file or directory
configure:10178: $? = 1
configure:10191: result: @
configure:10255: checking for strip
configure:10276: found /usr/bin/strip
configure:10288: result: strip
configure:10366: checking for ranlib
configure:10387: found /usr/bin/ranlib
configure:10399: result: ranlib
configure:10494: checking command to parse /usr/bin/nm -B output from gcc object
configure:10648: gcc -c -g -O2  conftest.c >&5
configure:10651: $? = 0
configure:10655: /usr/bin/nm -B conftest.o \| /usr/bin/sed -n -e 's/^.*[ ]\([ABCDGIRSTW][ABCDGIRSTW]*\)[ ][ ]*\([_A-Za-z][_A-Za-z0-9]*\)$/\1 \2 \2/p' | /usr/bin/sed '/ __gnu_lto/d' \> conftest.nm
configure:10658: $? = 0
configure:10724: gcc -o conftest -g -O2   conftest.c conftstm.o >&5
configure:10727: $? = 0
configure:10766: result: ok
configure:10813: checking for sysroot
configure:10847: result: no
configure:10854: checking for a working dd
configure:10899: result: /usr/bin/dd
configure:10903: checking how to truncate binary pipes
configure:10920: result: /usr/bin/dd bs=4096 count=1
configure:11057: gcc -c -g -O2  conftest.c >&5
configure:11060: $? = 0
configure:11260: checking for mt
configure:11296: result: no
configure:11316: checking if : is a manifest tool
configure:11323: : '-?'
configure:11332: result: no
configure:12114: checking for stdio.h
configure:12114: gcc -c -g -O2  conftest.c >&5
configure:12114: $? = 0
configure:12114: result: yes
configure:12114: checking for stdlib.h
configure:12114: gcc -c -g -O2  conftest.c >&5
configure:12114: $? = 0
configure:12114: result: yes
configure:12114: checking for string.h
configure:12114: gcc -c -g -O2  conftest.c >&5
configure:12114: $? = 0
configure:12114: result: yes
configure:12114: checking for inttypes.h
configure:12114: gcc -c -g -O2  conftest.c >&5
configure:12114: $? = 0
configure:12114: result: yes
configure:12114: checking for stdint.h
configure:12114: gcc -c -g -O2  conftest.c >&5
configure:12114: $? = 0
configure:12114: result: yes
configure:12114: checking for strings.h
configure:12114: gcc -c -g -O2  conftest.c >&5
configure:12114: $? = 0
configure:12114: result: yes
configure:12114: checking for sys/stat.h
configure:12114: gcc -c -g -O2  conftest.c >&5
configure:12114: $? = 0
configure:12114: result: yes
configure:12114: checking for sys/types.h
configure:12114: gcc -c -g -O2  conftest.c >&5
configure:12114: $? = 0
configure:12114: result: yes
configure:12114: checking for unistd.h
configure:12114: gcc -c -g -O2  conftest.c >&5
configure:12114: $? = 0
configure:12114: result: yes
configure:12114: checking for sys/param.h
configure:12114: gcc -c -g -O2  conftest.c >&5
configure:12114: $? = 0
configure:12114: result: yes
configure:12139: checking for dlfcn.h
configure:12139: gcc -c -g -O2  conftest.c >&5
configure:12139: $? = 0
configure:12139: result: yes
configure:12404: checking for objdir
configure:12421: result: .libs
configure:12687: checking if gcc supports -fno-rtti -fno-exceptions
configure:12706: gcc -c -g -O2  -fno-rtti -fno-exceptions conftest.c >&5
cc1: warning: command-line option '-fno-rtti' is valid for C++/D/ObjC++ but not for C
configure:12710: $? = 0
configure:12724: result: no
configure:13088: checking for gcc option to produce PIC
configure:13097: result: -fPIC -DPIC
configure:13105: checking if gcc PIC flag -fPIC -DPIC works
configure:13124: gcc -c -g -O2  -fPIC -DPIC -DPIC conftest.c >&5
configure:13128: $? = 0
configure:13142: result: yes
configure:13171: checking if gcc static flag -static works
configure:13201: result: yes
configure:13216: checking if gcc supports -c -o file.o
configure:13238: gcc -c -g -O2  -o out/conftest2.o conftest.c >&5
configure:13242: $? = 0
configure:13265: result: yes
configure:13273: checking if gcc supports -c -o file.o
configure:13322: result: yes
configure:13355: checking whether the gcc linker (/usr/bin/ld -m elf_x86_64) supports shared libraries
configure:14628: result: yes
configure:14665: checking whether -lc should be explicitly linked in
configure:14674: gcc -c -g -O2  conftest.c >&5
configure:14677: $? = 0
configure:14692: gcc -shared  -fPIC -DPIC conftest.o  -v -Wl,-soname -Wl,conftest -o conftest 2\>\&1 \| /usr/bin/grep  -lc  \>/dev/null 2\>\&1
configure:14695: $? = 0
configure:14710: result: no
configure:14870: checking dynamic linker characteristics
configure:15488: gcc -o conftest -g -O2   -Wl,-rpath -Wl,/foo conftest.c  >&5
configure:15488: $? = 0
configure:15728: result: GNU/Linux ld.so
configure:15850: checking how to hardcode library paths into programs
configure:15875: result: immediate
configure:16475: checking whether stripping libraries is possible
configure:16484: result: yes
configure:16526: checking if libtool supports shared libraries
configure:16528: result: yes
configure:16531: checking whether to build shared libraries
configure:16556: result: yes
configure:16559: checking whether to build static libraries
configure:16563: result: yes
configure:16606: checking for stdlib.h
configure:16606: result: yes
configure:16612: checking for string.h
configure:16612: result: yes
configure:16618: checking for limits.h
configure:16618: gcc -c -g -O2  conftest.c >&5
configure:16618: $? = 0
configure:16618: result: yes
configure:16625: checking for langinfo.h
configure:16625: gcc -c -g -O2  conftest.c >&5
configure:16625: $? = 0
configure:16625: result: yes
configure:16632: checking for glob.h
configure:16632: gcc -c -g -O2  conftest.c >&5
configure:16632: $? = 0
configure:16632: result: yes
configure:16641: checking for _Bool
configure:16641: gcc -c -g -O2  conftest.c >&5
configure:16641: $? = 0
configure:16641: gcc -c -g -O2  conftest.c >&5
=======
gcc version 14.1.1 20240522 (GCC) 
configure:7738: $? = 0
configure:7727: gcc -V >&5
gcc: error: unrecognized command-line option '-V'
gcc: fatal error: no input files
compilation terminated.
configure:7738: $? = 1
configure:7727: gcc -qversion >&5
gcc: error: unrecognized command-line option '-qversion'; did you mean '--version'?
gcc: fatal error: no input files
compilation terminated.
configure:7738: $? = 1
configure:7727: gcc -version >&5
gcc: error: unrecognized command-line option '-version'
gcc: fatal error: no input files
compilation terminated.
configure:7738: $? = 1
configure:7742: checking whether the compiler supports GNU C
configure:7774: result: yes
configure:7785: checking whether gcc accepts -g
configure:7853: result: yes
configure:7873: checking for gcc option to enable C11 features
configure:7907: result: none needed
configure:8031: checking whether gcc understands -c and -o together
configure:8070: result: yes
configure:8089: checking dependency style of gcc
configure:8202: result: gcc3
configure:8265: checking how to print strings
configure:8292: result: printf
configure:8313: checking for a sed that does not truncate output
configure:8385: result: /usr/bin/sed
configure:8403: checking for grep that handles long lines and -e
configure:8469: result: /usr/bin/grep
configure:8474: checking for egrep
configure:8544: result: /usr/bin/grep -E
configure:8551: checking for fgrep
configure:8621: result: /usr/bin/grep -F
configure:8658: checking for ld used by gcc
configure:8727: result: /usr/bin/ld
configure:8734: checking if the linker (/usr/bin/ld) is GNU ld
configure:8751: result: yes
configure:8763: checking for BSD- or MS-compatible name lister (nm)
configure:8819: result: /usr/bin/nm -B
configure:8961: checking the name lister (/usr/bin/nm -B) interface
configure:8969: gcc -c -O2  conftest.c >&5
configure:8972: /usr/bin/nm -B "conftest.o"
configure:8975: output
0000000000000000 B some_variable
configure:8983: result: BSD nm
configure:8986: checking whether ln -s works
configure:8990: result: yes
configure:8998: checking the maximum length of command line arguments
configure:9131: result: 1572864
configure:9179: checking how to convert x86_64-pc-linux-gnu file names to x86_64-pc-linux-gnu format
configure:9221: result: func_convert_file_noop
configure:9228: checking how to convert x86_64-pc-linux-gnu file names to toolchain format
configure:9250: result: func_convert_file_noop
configure:9257: checking for /usr/bin/ld option to reload object files
configure:9266: result: -r
configure:9299: checking for file
configure:9320: found /usr/bin/file
configure:9333: result: file
configure:9396: checking for objdump
configure:9417: found /usr/bin/objdump
configure:9429: result: objdump
configure:9461: checking how to recognize dependent libraries
configure:9662: result: pass_all
configure:9753: checking for dlltool
configure:9789: result: no
configure:9819: checking how to associate runtime and link libraries
configure:9848: result: printf %s\n
configure:9914: checking for ar
configure:9935: found /usr/bin/ar
configure:9947: result: ar
configure:10000: checking for archiver @FILE support
configure:10018: gcc -c -O2  conftest.c >&5
configure:10018: $? = 0
configure:10022: ar cr libconftest.a @conftest.lst >&5
configure:10025: $? = 0
configure:10030: ar cr libconftest.a @conftest.lst >&5
ar: conftest.o: No such file or directory
configure:10033: $? = 1
configure:10046: result: @
configure:10110: checking for strip
configure:10131: found /usr/bin/strip
configure:10143: result: strip
configure:10221: checking for ranlib
configure:10242: found /usr/bin/ranlib
configure:10254: result: ranlib
configure:10349: checking command to parse /usr/bin/nm -B output from gcc object
configure:10503: gcc -c -O2  conftest.c >&5
configure:10506: $? = 0
configure:10510: /usr/bin/nm -B conftest.o \| /usr/bin/sed -n -e 's/^.*[ ]\([ABCDGIRSTW][ABCDGIRSTW]*\)[ ][ ]*\([_A-Za-z][_A-Za-z0-9]*\)$/\1 \2 \2/p' | /usr/bin/sed '/ __gnu_lto/d' \> conftest.nm
configure:10513: $? = 0
configure:10579: gcc -o conftest -O2   conftest.c conftstm.o >&5
configure:10582: $? = 0
configure:10621: result: ok
configure:10668: checking for sysroot
configure:10702: result: no
configure:10709: checking for a working dd
configure:10754: result: /usr/bin/dd
configure:10758: checking how to truncate binary pipes
configure:10775: result: /usr/bin/dd bs=4096 count=1
configure:10912: gcc -c -O2  conftest.c >&5
configure:10915: $? = 0
configure:11115: checking for mt
configure:11151: result: no
configure:11171: checking if : is a manifest tool
configure:11178: : '-?'
configure:11187: result: no
configure:11926: checking for stdio.h
configure:11926: gcc -c -O2  conftest.c >&5
configure:11926: $? = 0
configure:11926: result: yes
configure:11926: checking for stdlib.h
configure:11926: gcc -c -O2  conftest.c >&5
configure:11926: $? = 0
configure:11926: result: yes
configure:11926: checking for string.h
configure:11926: gcc -c -O2  conftest.c >&5
configure:11926: $? = 0
configure:11926: result: yes
configure:11926: checking for inttypes.h
configure:11926: gcc -c -O2  conftest.c >&5
configure:11926: $? = 0
configure:11926: result: yes
configure:11926: checking for stdint.h
configure:11926: gcc -c -O2  conftest.c >&5
configure:11926: $? = 0
configure:11926: result: yes
configure:11926: checking for strings.h
configure:11926: gcc -c -O2  conftest.c >&5
configure:11926: $? = 0
configure:11926: result: yes
configure:11926: checking for sys/stat.h
configure:11926: gcc -c -O2  conftest.c >&5
configure:11926: $? = 0
configure:11926: result: yes
configure:11926: checking for sys/types.h
configure:11926: gcc -c -O2  conftest.c >&5
configure:11926: $? = 0
configure:11926: result: yes
configure:11926: checking for unistd.h
configure:11926: gcc -c -O2  conftest.c >&5
configure:11926: $? = 0
configure:11926: result: yes
configure:11926: checking for sys/param.h
configure:11926: gcc -c -O2  conftest.c >&5
configure:11926: $? = 0
configure:11926: result: yes
configure:11951: checking for dlfcn.h
configure:11951: gcc -c -O2  conftest.c >&5
configure:11951: $? = 0
configure:11951: result: yes
configure:12216: checking for objdir
configure:12233: result: .libs
configure:12499: checking if gcc supports -fno-rtti -fno-exceptions
configure:12518: gcc -c -O2  -fno-rtti -fno-exceptions conftest.c >&5
cc1: warning: command-line option '-fno-rtti' is valid for C++/D/ObjC++ but not for C
configure:12522: $? = 0
configure:12536: result: no
configure:12900: checking for gcc option to produce PIC
configure:12909: result: -fPIC -DPIC
configure:12917: checking if gcc PIC flag -fPIC -DPIC works
configure:12936: gcc -c -O2  -fPIC -DPIC -DPIC conftest.c >&5
configure:12940: $? = 0
configure:12954: result: yes
configure:12983: checking if gcc static flag -static works
configure:13013: result: yes
configure:13028: checking if gcc supports -c -o file.o
configure:13050: gcc -c -O2  -o out/conftest2.o conftest.c >&5
configure:13054: $? = 0
configure:13077: result: yes
configure:13085: checking if gcc supports -c -o file.o
configure:13134: result: yes
configure:13167: checking whether the gcc linker (/usr/bin/ld -m elf_x86_64) supports shared libraries
configure:14440: result: yes
configure:14477: checking whether -lc should be explicitly linked in
configure:14486: gcc -c -O2  conftest.c >&5
configure:14489: $? = 0
configure:14504: gcc -shared  -fPIC -DPIC conftest.o  -v -Wl,-soname -Wl,conftest -o conftest 2\>\&1 \| /usr/bin/grep  -lc  \>/dev/null 2\>\&1
configure:14507: $? = 0
configure:14522: result: no
configure:14682: checking dynamic linker characteristics
configure:15265: gcc -o conftest -O2   -Wl,-rpath -Wl,/foo conftest.c  >&5
configure:15265: $? = 0
configure:15505: result: GNU/Linux ld.so
configure:15627: checking how to hardcode library paths into programs
configure:15652: result: immediate
configure:16252: checking whether stripping libraries is possible
configure:16261: result: yes
configure:16303: checking if libtool supports shared libraries
configure:16305: result: yes
configure:16308: checking whether to build shared libraries
configure:16333: result: yes
configure:16336: checking whether to build static libraries
configure:16340: result: yes
configure:16383: checking for stdlib.h
configure:16383: result: yes
configure:16389: checking for string.h
configure:16389: result: yes
configure:16395: checking for limits.h
configure:16395: gcc -c -O2  conftest.c >&5
configure:16395: $? = 0
configure:16395: result: yes
configure:16402: checking for langinfo.h
configure:16402: gcc -c -O2  conftest.c >&5
configure:16402: $? = 0
configure:16402: result: yes
configure:16409: checking for glob.h
configure:16409: gcc -c -O2  conftest.c >&5
configure:16409: $? = 0
configure:16409: result: yes
configure:16418: checking for _Bool
configure:16418: gcc -c -O2  conftest.c >&5
configure:16418: $? = 0
configure:16418: gcc -c -O2  conftest.c >&5
>>>>>>> 0b7f7a1 (Clean up and add local files)
conftest.c: In function 'main':
conftest.c:63:20: error: expected expression before ')' token
   63 | if (sizeof ((_Bool)))
      |                    ^
<<<<<<< HEAD
configure:16641: $? = 1
=======
configure:16418: $? = 1
>>>>>>> 0b7f7a1 (Clean up and add local files)
configure: failed program was:
| /* confdefs.h */
| #define PACKAGE_NAME "libhangul"
| #define PACKAGE_TARNAME "libhangul"
| #define PACKAGE_VERSION "0.1.0"
| #define PACKAGE_STRING "libhangul 0.1.0"
| #define PACKAGE_BUGREPORT "https://github.com/libhangul/libhangul"
| #define PACKAGE_URL ""
| #define PACKAGE "libhangul"
| #define VERSION "0.1.0"
| #define ENABLE_NLS 1
| #define HAVE_GETTEXT 1
| #define HAVE_DCGETTEXT 1
| #define HAVE_STDIO_H 1
| #define HAVE_STDLIB_H 1
| #define HAVE_STRING_H 1
| #define HAVE_INTTYPES_H 1
| #define HAVE_STDINT_H 1
| #define HAVE_STRINGS_H 1
| #define HAVE_SYS_STAT_H 1
| #define HAVE_SYS_TYPES_H 1
| #define HAVE_UNISTD_H 1
| #define HAVE_SYS_PARAM_H 1
| #define STDC_HEADERS 1
| #define HAVE_DLFCN_H 1
| #define LT_OBJDIR ".libs/"
| #define HAVE_STDLIB_H 1
| #define HAVE_STRING_H 1
| #define HAVE_LIMITS_H 1
| #define HAVE_LANGINFO_H 1
| #define HAVE_GLOB_H 1
| /* end confdefs.h.  */
| #include <stddef.h>
| #ifdef HAVE_STDIO_H
| # include <stdio.h>
| #endif
| #ifdef HAVE_STDLIB_H
| # include <stdlib.h>
| #endif
| #ifdef HAVE_STRING_H
| # include <string.h>
| #endif
| #ifdef HAVE_INTTYPES_H
| # include <inttypes.h>
| #endif
| #ifdef HAVE_STDINT_H
| # include <stdint.h>
| #endif
| #ifdef HAVE_STRINGS_H
| # include <strings.h>
| #endif
| #ifdef HAVE_SYS_TYPES_H
| # include <sys/types.h>
| #endif
| #ifdef HAVE_SYS_STAT_H
| # include <sys/stat.h>
| #endif
| #ifdef HAVE_UNISTD_H
| # include <unistd.h>
| #endif
| int
| main (void)
| {
| if (sizeof ((_Bool)))
| 	    return 0;
|   ;
|   return 0;
| }
<<<<<<< HEAD
configure:16641: result: yes
configure:16650: checking for stdbool.h that conforms to C99 or later
configure:16725: gcc -c -g -O2  conftest.c >&5
configure:16725: $? = 0
configure:16735: result: yes
configure:16744: checking whether byte ordering is bigendian
configure:16760: gcc -c -g -O2  conftest.c >&5
=======
configure:16418: result: yes
configure:16427: checking for stdbool.h that conforms to C99 or later
configure:16502: gcc -c -O2  conftest.c >&5
configure:16502: $? = 0
configure:16512: result: yes
configure:16521: checking whether byte ordering is bigendian
configure:16537: gcc -c -O2  conftest.c >&5
>>>>>>> 0b7f7a1 (Clean up and add local files)
conftest.c:35:16: error: unknown type name 'not'
   35 |                not a universal capable compiler
      |                ^~~
conftest.c:35:22: error: expected '=', ',', ';', 'asm' or '__attribute__' before 'universal'
   35 |                not a universal capable compiler
      |                      ^~~~~~~~~
conftest.c:35:22: error: unknown type name 'universal'
<<<<<<< HEAD
configure:16760: $? = 1
=======
configure:16537: $? = 1
>>>>>>> 0b7f7a1 (Clean up and add local files)
configure: failed program was:
| /* confdefs.h */
| #define PACKAGE_NAME "libhangul"
| #define PACKAGE_TARNAME "libhangul"
| #define PACKAGE_VERSION "0.1.0"
| #define PACKAGE_STRING "libhangul 0.1.0"
| #define PACKAGE_BUGREPORT "https://github.com/libhangul/libhangul"
| #define PACKAGE_URL ""
| #define PACKAGE "libhangul"
| #define VERSION "0.1.0"
| #define ENABLE_NLS 1
| #define HAVE_GETTEXT 1
| #define HAVE_DCGETTEXT 1
| #define HAVE_STDIO_H 1
| #define HAVE_STDLIB_H 1
| #define HAVE_STRING_H 1
| #define HAVE_INTTYPES_H 1
| #define HAVE_STDINT_H 1
| #define HAVE_STRINGS_H 1
| #define HAVE_SYS_STAT_H 1
| #define HAVE_SYS_TYPES_H 1
| #define HAVE_UNISTD_H 1
| #define HAVE_SYS_PARAM_H 1
| #define STDC_HEADERS 1
| #define HAVE_DLFCN_H 1
| #define LT_OBJDIR ".libs/"
| #define HAVE_STDLIB_H 1
| #define HAVE_STRING_H 1
| #define HAVE_LIMITS_H 1
| #define HAVE_LANGINFO_H 1
| #define HAVE_GLOB_H 1
| #define HAVE__BOOL 1
| #define HAVE_STDBOOL_H 1
| /* end confdefs.h.  */
| #ifndef __APPLE_CC__
| 	       not a universal capable compiler
| 	     #endif
| 	     typedef int dummy;
| 
<<<<<<< HEAD
configure:16806: gcc -c -g -O2  conftest.c >&5
configure:16806: $? = 0
configure:16825: gcc -c -g -O2  conftest.c >&5
=======
configure:16583: gcc -c -O2  conftest.c >&5
configure:16583: $? = 0
configure:16602: gcc -c -O2  conftest.c >&5
>>>>>>> 0b7f7a1 (Clean up and add local files)
conftest.c: In function 'main':
conftest.c:41:18: error: unknown type name 'not'; did you mean 'ino_t'?
   41 |                  not big endian
      |                  ^~~
      |                  ino_t
conftest.c:41:26: error: expected '=', ',', ';', 'asm' or '__attribute__' before 'endian'
   41 |                  not big endian
      |                          ^~~~~~
<<<<<<< HEAD
configure:16825: $? = 1
=======
configure:16602: $? = 1
>>>>>>> 0b7f7a1 (Clean up and add local files)
configure: failed program was:
| /* confdefs.h */
| #define PACKAGE_NAME "libhangul"
| #define PACKAGE_TARNAME "libhangul"
| #define PACKAGE_VERSION "0.1.0"
| #define PACKAGE_STRING "libhangul 0.1.0"
| #define PACKAGE_BUGREPORT "https://github.com/libhangul/libhangul"
| #define PACKAGE_URL ""
| #define PACKAGE "libhangul"
| #define VERSION "0.1.0"
| #define ENABLE_NLS 1
| #define HAVE_GETTEXT 1
| #define HAVE_DCGETTEXT 1
| #define HAVE_STDIO_H 1
| #define HAVE_STDLIB_H 1
| #define HAVE_STRING_H 1
| #define HAVE_INTTYPES_H 1
| #define HAVE_STDINT_H 1
| #define HAVE_STRINGS_H 1
| #define HAVE_SYS_STAT_H 1
| #define HAVE_SYS_TYPES_H 1
| #define HAVE_UNISTD_H 1
| #define HAVE_SYS_PARAM_H 1
| #define STDC_HEADERS 1
| #define HAVE_DLFCN_H 1
| #define LT_OBJDIR ".libs/"
| #define HAVE_STDLIB_H 1
| #define HAVE_STRING_H 1
| #define HAVE_LIMITS_H 1
| #define HAVE_LANGINFO_H 1
| #define HAVE_GLOB_H 1
| #define HAVE__BOOL 1
| #define HAVE_STDBOOL_H 1
| /* end confdefs.h.  */
| #include <sys/types.h>
| 		#include <sys/param.h>
| 
| int
| main (void)
| {
| #if BYTE_ORDER != BIG_ENDIAN
| 		 not big endian
| 		#endif
| 
|   ;
|   return 0;
| }
<<<<<<< HEAD
configure:16966: result: no
configure:16984: checking for an ANSI C-conforming const
configure:17051: gcc -c -g -O2  conftest.c >&5
configure:17051: $? = 0
configure:17061: result: yes
configure:17069: checking for inline
configure:17086: gcc -c -g -O2  conftest.c >&5
configure:17086: $? = 0
configure:17096: result: inline
configure:17117: checking for working memcmp
configure:17162: gcc -o conftest -g -O2   conftest.c  >&5
configure:17162: $? = 0
configure:17162: ./conftest
configure:17162: $? = 0
configure:17176: result: yes
configure:17190: checking for getpagesize
configure:17190: gcc -o conftest -g -O2   conftest.c  >&5
configure:17190: $? = 0
configure:17190: result: yes
configure:17201: checking for working mmap
configure:17351: gcc -o conftest -g -O2   conftest.c  >&5
configure:17351: $? = 0
configure:17351: ./conftest
configure:17351: $? = 0
configure:17365: result: yes
configure:17374: checking for GNU libc compatible realloc
configure:17406: gcc -o conftest -g -O2   conftest.c  >&5
configure:17406: $? = 0
configure:17406: ./conftest
configure:17406: $? = 0
configure:17420: result: yes
configure:17443: checking for munmap
configure:17443: gcc -o conftest -g -O2   conftest.c  >&5
configure:17443: $? = 0
configure:17443: result: yes
configure:17450: checking for strcasecmp
configure:17450: gcc -o conftest -g -O2   conftest.c  >&5
conftest.c:54:6: warning: conflicting types for built-in function 'strcasecmp'; expected 'int(const char *, const char *)' [-Wbuiltin-declaration-mismatch]
   54 | char strcasecmp (void);
      |      ^~~~~~~~~~
configure:17450: $? = 0
configure:17450: result: yes
configure:17457: checking for nl_langinfo
configure:17457: gcc -o conftest -g -O2   conftest.c  >&5
configure:17457: $? = 0
configure:17457: result: yes
configure:17501: checking for iconv
configure:17526: gcc -o conftest -g -O2   conftest.c  >&5
configure:17526: $? = 0
configure:17563: result: yes
configure:17566: checking for working iconv
configure:17697: gcc -o conftest -g -O2   conftest.c  >&5
configure:17697: $? = 0
configure:17697: ./conftest
configure:17697: $? = 0
configure:17712: result: yes
configure:17740: checking for iconv declaration
configure:17770: gcc -c -g -O2  conftest.c >&5
configure:17770: $? = 0
configure:17783: result:
         extern size_t iconv (iconv_t cd, char * *inbuf, size_t *inbytesleft, char * *outbuf, size_t *outbytesleft);
configure:17860: checking for pkg-config
configure:17883: found /usr/bin/pkg-config
configure:17896: result: /usr/bin/pkg-config
configure:17921: checking pkg-config is at least version 0.9.0
configure:17924: result: yes
configure:17937: checking for expat
configure:17944: $PKG_CONFIG --exists --print-errors "expat"
configure:17947: $? = 0
configure:17961: $PKG_CONFIG --exists --print-errors "expat"
configure:17964: $? = 0
configure:18022: result: yes
configure:18034: $PKG_CONFIG --exists --print-errors "check"
=======
configure:16743: result: no
configure:16761: checking for an ANSI C-conforming const
configure:16828: gcc -c -O2  conftest.c >&5
configure:16828: $? = 0
configure:16838: result: yes
configure:16846: checking for inline
configure:16863: gcc -c -O2  conftest.c >&5
configure:16863: $? = 0
configure:16873: result: inline
configure:16894: checking for working memcmp
configure:16939: gcc -o conftest -O2   conftest.c  >&5
configure:16939: $? = 0
configure:16939: ./conftest
configure:16939: $? = 0
configure:16953: result: yes
configure:16967: checking for getpagesize
configure:16967: gcc -o conftest -O2   conftest.c  >&5
configure:16967: $? = 0
configure:16967: result: yes
configure:16978: checking for working mmap
configure:17128: gcc -o conftest -O2   conftest.c  >&5
configure:17128: $? = 0
configure:17128: ./conftest
configure:17128: $? = 0
configure:17142: result: yes
configure:17151: checking for GNU libc compatible realloc
configure:17183: gcc -o conftest -O2   conftest.c  >&5
configure:17183: $? = 0
configure:17183: ./conftest
configure:17183: $? = 0
configure:17197: result: yes
configure:17220: checking for munmap
configure:17220: gcc -o conftest -O2   conftest.c  >&5
configure:17220: $? = 0
configure:17220: result: yes
configure:17227: checking for strcasecmp
configure:17227: gcc -o conftest -O2   conftest.c  >&5
conftest.c:54:6: warning: conflicting types for built-in function 'strcasecmp'; expected 'int(const char *, const char *)' [-Wbuiltin-declaration-mismatch]
   54 | char strcasecmp (void);
      |      ^~~~~~~~~~
configure:17227: $? = 0
configure:17227: result: yes
configure:17234: checking for nl_langinfo
configure:17234: gcc -o conftest -O2   conftest.c  >&5
configure:17234: $? = 0
configure:17234: result: yes
configure:17278: checking for iconv
configure:17303: gcc -o conftest -O2   conftest.c  >&5
configure:17303: $? = 0
configure:17340: result: yes
configure:17343: checking for working iconv
configure:17474: gcc -o conftest -O2   conftest.c  >&5
configure:17474: $? = 0
configure:17474: ./conftest
configure:17474: $? = 0
configure:17489: result: yes
configure:17517: checking for iconv declaration
configure:17547: gcc -c -O2  conftest.c >&5
configure:17547: $? = 0
configure:17560: result:
         extern size_t iconv (iconv_t cd, char * *inbuf, size_t *inbytesleft, char * *outbuf, size_t *outbytesleft);
configure:17637: checking for pkg-config
configure:17660: found /usr/bin/pkg-config
configure:17673: result: /usr/bin/pkg-config
configure:17698: checking pkg-config is at least version 0.9.0
configure:17701: result: yes
configure:17714: checking for expat
configure:17721: $PKG_CONFIG --exists --print-errors "expat"
configure:17724: $? = 0
configure:17738: $PKG_CONFIG --exists --print-errors "expat"
configure:17741: $? = 0
configure:17799: result: yes
configure:17811: $PKG_CONFIG --exists --print-errors "check"
>>>>>>> 0b7f7a1 (Clean up and add local files)
Package check was not found in the pkg-config search path.
Perhaps you should add the directory containing `check.pc'
to the PKG_CONFIG_PATH environment variable
Package 'check', required by 'virtual:world', not found
<<<<<<< HEAD
configure:18037: $? = 1
configure:18240: checking that generated files are newer than configure
configure:18246: result: done
configure:18290: creating ./config.status
=======
configure:17814: $? = 1
configure:18017: checking that generated files are newer than configure
configure:18023: result: done
configure:18055: creating ./config.status
>>>>>>> 0b7f7a1 (Clean up and add local files)

## ---------------------- ##
## Running config.status. ##
## ---------------------- ##

This file was extended by libhangul config.status 0.1.0, which was
generated by GNU Autoconf 2.72.  Invocation command line was

  CONFIG_FILES    = 
  CONFIG_HEADERS  = 
  CONFIG_LINKS    = 
  CONFIG_COMMANDS = 
  $ ./config.status 

<<<<<<< HEAD
on Sin

config.status:1166: creating Makefile
config.status:1166: creating data/Makefile
config.status:1166: creating data/hanja/Makefile
config.status:1166: creating data/keyboards/Makefile
config.status:1166: creating doc/Doxyfile
config.status:1166: creating doc/Makefile
config.status:1166: creating hangul/Makefile
config.status:1166: creating libhangul.pc
config.status:1166: creating po/Makefile.in
config.status:1166: creating test/Makefile
config.status:1166: creating tools/Makefile
config.status:1166: creating config.h
config.status:1347: config.h is unchanged
config.status:1426: executing po-directories commands
config.status:1426: executing depfiles commands
config.status:1617: cd hangul       && sed -e '/# am--include-marker/d' Makefile         | make -f - am--depfiles
make: Nothing to be done for 'am--depfiles'.
config.status:1622: $? = 0
config.status:1617: cd test       && sed -e '/# am--include-marker/d' Makefile         | make -f - am--depfiles
make: Nothing to be done for 'am--depfiles'.
config.status:1622: $? = 0
config.status:1617: cd tools       && sed -e '/# am--include-marker/d' Makefile         | make -f - am--depfiles
make: Nothing to be done for 'am--depfiles'.
config.status:1622: $? = 0
config.status:1426: executing libtool commands
=======
on Libert

config.status:1164: creating Makefile
config.status:1164: creating data/Makefile
config.status:1164: creating data/hanja/Makefile
config.status:1164: creating data/keyboards/Makefile
config.status:1164: creating doc/Doxyfile
config.status:1164: creating doc/Makefile
config.status:1164: creating hangul/Makefile
config.status:1164: creating libhangul.pc
config.status:1164: creating po/Makefile.in
config.status:1164: creating test/Makefile
config.status:1164: creating tools/Makefile
config.status:1164: creating config.h
config.status:1345: config.h is unchanged
config.status:1424: executing po-directories commands
config.status:1424: executing depfiles commands
config.status:1615: cd hangul       && sed -e '/# am--include-marker/d' Makefile         | make -f - am--depfiles
make: Nothing to be done for 'am--depfiles'.
config.status:1620: $? = 0
config.status:1615: cd test       && sed -e '/# am--include-marker/d' Makefile         | make -f - am--depfiles
make: Nothing to be done for 'am--depfiles'.
config.status:1620: $? = 0
config.status:1615: cd tools       && sed -e '/# am--include-marker/d' Makefile         | make -f - am--depfiles
make: Nothing to be done for 'am--depfiles'.
config.status:1620: $? = 0
config.status:1424: executing libtool commands
>>>>>>> 0b7f7a1 (Clean up and add local files)

## ---------------- ##
## Cache variables. ##
## ---------------- ##

ac_cv_build=x86_64-pc-linux-gnu
ac_cv_c_bigendian=no
ac_cv_c_compiler_gnu=yes
ac_cv_c_const=yes
ac_cv_c_inline=inline
ac_cv_env_CC_set=
ac_cv_env_CC_value=
<<<<<<< HEAD
ac_cv_env_CFLAGS_set=
ac_cv_env_CFLAGS_value=
=======
ac_cv_env_CFLAGS_set=set
ac_cv_env_CFLAGS_value=-O2
>>>>>>> 0b7f7a1 (Clean up and add local files)
ac_cv_env_CHECK_CFLAGS_set=
ac_cv_env_CHECK_CFLAGS_value=
ac_cv_env_CHECK_LIBS_set=
ac_cv_env_CHECK_LIBS_value=
ac_cv_env_CPPFLAGS_set=
ac_cv_env_CPPFLAGS_value=
ac_cv_env_CPP_set=
ac_cv_env_CPP_value=
ac_cv_env_EXPAT_CFLAGS_set=
ac_cv_env_EXPAT_CFLAGS_value=
ac_cv_env_EXPAT_LIBS_set=
ac_cv_env_EXPAT_LIBS_value=
ac_cv_env_LDFLAGS_set=
ac_cv_env_LDFLAGS_value=
ac_cv_env_LIBS_set=
ac_cv_env_LIBS_value=
ac_cv_env_LT_SYS_LIBRARY_PATH_set=
ac_cv_env_LT_SYS_LIBRARY_PATH_value=
ac_cv_env_PKG_CONFIG_LIBDIR_set=
ac_cv_env_PKG_CONFIG_LIBDIR_value=
ac_cv_env_PKG_CONFIG_PATH_set=
ac_cv_env_PKG_CONFIG_PATH_value=
ac_cv_env_PKG_CONFIG_set=
ac_cv_env_PKG_CONFIG_value=
ac_cv_env_build_alias_set=
ac_cv_env_build_alias_value=
ac_cv_env_host_alias_set=
ac_cv_env_host_alias_value=
ac_cv_env_target_alias_set=
ac_cv_env_target_alias_value=
ac_cv_func_getpagesize=yes
ac_cv_func_memcmp_working=yes
ac_cv_func_mmap_fixed_mapped=yes
ac_cv_func_munmap=yes
ac_cv_func_nl_langinfo=yes
ac_cv_func_realloc_0_nonnull=yes
ac_cv_func_strcasecmp=yes
ac_cv_header_dlfcn_h=yes
ac_cv_header_glob_h=yes
ac_cv_header_inttypes_h=yes
ac_cv_header_langinfo_h=yes
ac_cv_header_limits_h=yes
ac_cv_header_stdbool_h=yes
ac_cv_header_stdint_h=yes
ac_cv_header_stdio_h=yes
ac_cv_header_stdlib_h=yes
ac_cv_header_string_h=yes
ac_cv_header_strings_h=yes
ac_cv_header_sys_param_h=yes
ac_cv_header_sys_stat_h=yes
ac_cv_header_sys_types_h=yes
ac_cv_header_unistd_h=yes
ac_cv_host=x86_64-pc-linux-gnu
ac_cv_objext=o
ac_cv_path_EGREP='/usr/bin/grep -E'
ac_cv_path_EGREP_TRADITIONAL='/usr/bin/grep -E'
ac_cv_path_FGREP='/usr/bin/grep -F'
ac_cv_path_GMSGFMT=/usr/bin/msgfmt
ac_cv_path_GREP=/usr/bin/grep
ac_cv_path_MSGFMT=/usr/bin/msgfmt
ac_cv_path_MSGMERGE=/usr/bin/msgmerge
ac_cv_path_SED=/usr/bin/sed
ac_cv_path_XGETTEXT=/usr/bin/xgettext
ac_cv_path_ac_pt_PKG_CONFIG=/usr/bin/pkg-config
ac_cv_path_install='/usr/bin/install -c'
ac_cv_path_lt_DD=/usr/bin/dd
ac_cv_path_mkdir=/usr/bin/mkdir
ac_cv_prog_AWK=gawk
ac_cv_prog_CPP='gcc -E'
ac_cv_prog_FILECMD=file
ac_cv_prog_ac_ct_AR=ar
ac_cv_prog_ac_ct_CC=gcc
ac_cv_prog_ac_ct_OBJDUMP=objdump
ac_cv_prog_ac_ct_RANLIB=ranlib
ac_cv_prog_ac_ct_STRIP=strip
ac_cv_prog_cc_c11=
ac_cv_prog_cc_g=yes
ac_cv_prog_cc_stdc=
ac_cv_prog_make_make_set=yes
ac_cv_type__Bool=yes
acl_cv_hardcode_direct=no
acl_cv_hardcode_libdir_flag_spec='${wl}-rpath ${wl}$libdir'
acl_cv_hardcode_libdir_separator=
acl_cv_hardcode_minus_L=no
acl_cv_libext=a
acl_cv_libname_spec='lib$name'
acl_cv_library_names_spec='$libname$shrext'
acl_cv_path_LD=/usr/bin/ld
acl_cv_prog_gnu_ld=yes
acl_cv_rpath=done
acl_cv_shlibext=so
acl_cv_wl=-Wl,
am_cv_CC_dependencies_compiler_type=gcc3
<<<<<<< HEAD
am_cv_filesystem_timestamp_resolution=0.01
=======
>>>>>>> 0b7f7a1 (Clean up and add local files)
am_cv_func_iconv=yes
am_cv_func_iconv_works=yes
am_cv_lib_iconv=no
am_cv_make_support_nested_variables=yes
am_cv_prog_cc_c_o=yes
am_cv_proto_iconv='extern size_t iconv (iconv_t cd, char * *inbuf, size_t *inbytesleft, char * *outbuf, size_t *outbytesleft);'
am_cv_proto_iconv_arg1=
<<<<<<< HEAD
am_cv_sleep_fractional_seconds=yes
am_cv_xargs_n_works=yes
=======
>>>>>>> 0b7f7a1 (Clean up and add local files)
gt_cv_func_CFLocaleCopyCurrent=no
gt_cv_func_CFPreferencesCopyAppValue=no
gt_cv_func_gnugettext1_libc=yes
lt_cv_ar_at_file=@
lt_cv_archive_cmds_need_lc=no
lt_cv_deplibs_check_method=pass_all
lt_cv_file_magic_cmd='$MAGIC_CMD'
lt_cv_file_magic_test_file=
lt_cv_ld_reload_flag=-r
lt_cv_nm_interface='BSD nm'
lt_cv_objdir=.libs
lt_cv_path_LD=/usr/bin/ld
lt_cv_path_NM='/usr/bin/nm -B'
lt_cv_path_manifest_tool=no
lt_cv_prog_compiler_c_o=yes
lt_cv_prog_compiler_pic='-fPIC -DPIC'
lt_cv_prog_compiler_pic_works=yes
lt_cv_prog_compiler_rtti_exceptions=no
lt_cv_prog_compiler_static_works=yes
lt_cv_prog_gnu_ld=yes
lt_cv_sharedlib_from_linklib_cmd='printf %s\n'
lt_cv_shlibpath_overrides_runpath=yes
lt_cv_sys_global_symbol_pipe='/usr/bin/sed -n -e '\''s/^.*[	 ]\([ABCDGIRSTW][ABCDGIRSTW]*\)[	 ][	 ]*\([_A-Za-z][_A-Za-z0-9]*\)$/\1 \2 \2/p'\'' | /usr/bin/sed '\''/ __gnu_lto/d'\'''
lt_cv_sys_global_symbol_to_c_name_address='/usr/bin/sed -n -e '\''s/^: \(.*\) .*$/  {"\1", (void *) 0},/p'\'' -e '\''s/^[ABCDGIRSTW][ABCDGIRSTW]* .* \(.*\)$/  {"\1", (void *) \&\1},/p'\'''
lt_cv_sys_global_symbol_to_c_name_address_lib_prefix='/usr/bin/sed -n -e '\''s/^: \(.*\) .*$/  {"\1", (void *) 0},/p'\'' -e '\''s/^[ABCDGIRSTW][ABCDGIRSTW]* .* \(lib.*\)$/  {"\1", (void *) \&\1},/p'\'' -e '\''s/^[ABCDGIRSTW][ABCDGIRSTW]* .* \(.*\)$/  {"lib\1", (void *) \&\1},/p'\'''
lt_cv_sys_global_symbol_to_cdecl='/usr/bin/sed -n -e '\''s/^T .* \(.*\)$/extern int \1();/p'\'' -e '\''s/^[ABCDGIRSTW][ABCDGIRSTW]* .* \(.*\)$/extern char \1;/p'\'''
lt_cv_sys_global_symbol_to_import=
lt_cv_sys_max_cmd_len=1572864
lt_cv_to_host_file_cmd=func_convert_file_noop
lt_cv_to_tool_file_cmd=func_convert_file_noop
lt_cv_truncate_bin='/usr/bin/dd bs=4096 count=1'
pkg_cv_EXPAT_CFLAGS=
pkg_cv_EXPAT_LIBS=-lexpat

## ----------------- ##
## Output variables. ##
## ----------------- ##

<<<<<<< HEAD
ACLOCAL='${SHELL} '\''/home/libert/Data/megasync/Coding/libhangul/2_libhangul/missing'\'' aclocal-1.17'
=======
ACLOCAL='${SHELL} '\''/home/libert/Data/megasync/Coding/libhangul/libhangul_installed/missing'\'' aclocal-1.16'
>>>>>>> 0b7f7a1 (Clean up and add local files)
AMDEPBACKSLASH='\'
AMDEP_FALSE='#'
AMDEP_TRUE=''
AMTAR='$${TAR-tar}'
AM_BACKSLASH='\'
AM_DEFAULT_V='$(AM_DEFAULT_VERBOSITY)'
AM_DEFAULT_VERBOSITY='1'
AM_V='$(V)'
AR='ar'
<<<<<<< HEAD
AUTOCONF='${SHELL} '\''/home/libert/Data/megasync/Coding/libhangul/2_libhangul/missing'\'' autoconf'
AUTOHEADER='${SHELL} '\''/home/libert/Data/megasync/Coding/libhangul/2_libhangul/missing'\'' autoheader'
AUTOMAKE='${SHELL} '\''/home/libert/Data/megasync/Coding/libhangul/2_libhangul/missing'\'' automake-1.17'
AWK='gawk'
CC='gcc'
CCDEPMODE='depmode=gcc3'
CFLAGS='-g -O2'
=======
AUTOCONF='${SHELL} '\''/home/libert/Data/megasync/Coding/libhangul/libhangul_installed/missing'\'' autoconf'
AUTOHEADER='${SHELL} '\''/home/libert/Data/megasync/Coding/libhangul/libhangul_installed/missing'\'' autoheader'
AUTOMAKE='${SHELL} '\''/home/libert/Data/megasync/Coding/libhangul/libhangul_installed/missing'\'' automake-1.16'
AWK='gawk'
CC='gcc'
CCDEPMODE='depmode=gcc3'
CFLAGS='-O2'
>>>>>>> 0b7f7a1 (Clean up and add local files)
CHECK_CFLAGS=''
CHECK_LIBS=''
CPP='gcc -E'
CPPFLAGS=''
CSCOPE='cscope'
CTAGS='ctags'
CYGPATH_W='echo'
DEFS='-DHAVE_CONFIG_H'
DEPDIR='.deps'
DLLTOOL='false'
DSYMUTIL=''
DUMPBIN=''
ECHO_C=''
ECHO_N='-n'
ECHO_T=''
EGREP='/usr/bin/grep -E'
ETAGS='etags'
EXEEXT=''
EXPAT_CFLAGS=''
EXPAT_LIBS='-lexpat'
FGREP='/usr/bin/grep -F'
FILECMD='file'
GETTEXT_MACRO_VERSION='0.19'
GETTEXT_PACKAGE='libhangul'
GMSGFMT='/usr/bin/msgfmt'
GMSGFMT_015='/usr/bin/msgfmt'
GREP='/usr/bin/grep'
INSTALL_DATA='${INSTALL} -m 644'
INSTALL_PROGRAM='${INSTALL}'
INSTALL_SCRIPT='${INSTALL}'
INSTALL_STRIP_PROGRAM='$(install_sh) -c -s'
INTLLIBS=''
INTL_MACOSX_LIBS=''
LD='/usr/bin/ld -m elf_x86_64'
LDFLAGS=''
LIBHANGUL_AGE='0'
LIBHANGUL_CURRENT='1'
LIBHANGUL_REVISION='0'
LIBICONV=''
LIBINTL=''
LIBOBJS=''
LIBS=''
LIBTOOL='$(SHELL) $(top_builddir)/libtool'
LIPO=''
LN_S='ln -s'
LTLIBICONV=''
LTLIBINTL=''
LTLIBOBJS=''
LT_SYS_LIBRARY_PATH=''
MAINT='#'
MAINTAINER_MODE_FALSE=''
MAINTAINER_MODE_TRUE='#'
<<<<<<< HEAD
MAKEINFO='${SHELL} '\''/home/libert/Data/megasync/Coding/libhangul/2_libhangul/missing'\'' makeinfo'
=======
MAKEINFO='${SHELL} '\''/home/libert/Data/megasync/Coding/libhangul/libhangul_installed/missing'\'' makeinfo'
>>>>>>> 0b7f7a1 (Clean up and add local files)
MANIFEST_TOOL=':'
MKDIR_P='/usr/bin/mkdir -p'
MSGFMT='/usr/bin/msgfmt'
MSGFMT_015='/usr/bin/msgfmt'
MSGMERGE='/usr/bin/msgmerge'
NM='/usr/bin/nm -B'
NMEDIT=''
OBJDUMP='objdump'
OBJEXT='o'
OTOOL64=''
OTOOL=''
PACKAGE='libhangul'
PACKAGE_BUGREPORT='https://github.com/libhangul/libhangul'
PACKAGE_NAME='libhangul'
PACKAGE_STRING='libhangul 0.1.0'
PACKAGE_TARNAME='libhangul'
PACKAGE_URL=''
PACKAGE_VERSION='0.1.0'
PATH_SEPARATOR=':'
PKG_CONFIG='/usr/bin/pkg-config'
PKG_CONFIG_LIBDIR=''
PKG_CONFIG_PATH=''
POSUB='po'
RANLIB='ranlib'
SED='/usr/bin/sed'
SET_MAKE=''
SHELL='/bin/sh'
STRIP='strip'
USE_NLS='yes'
VERSION='0.1.0'
XGETTEXT='/usr/bin/xgettext'
XGETTEXT_015='/usr/bin/xgettext'
XGETTEXT_EXTRA_OPTIONS=''
ac_ct_AR='ar'
ac_ct_CC='gcc'
ac_ct_DUMPBIN=''
am__EXEEXT_FALSE=''
am__EXEEXT_TRUE='#'
am__fastdepCC_FALSE='#'
am__fastdepCC_TRUE=''
am__include='include'
am__isrc=''
am__leading_dot='.'
am__nodep='_no'
am__quote=''
<<<<<<< HEAD
am__rm_f_notfound=''
am__tar='$${TAR-tar} chof - "$$tardir"'
am__untar='$${TAR-tar} xf -'
am__xargs_n='xargs -n'
=======
am__tar='$${TAR-tar} chof - "$$tardir"'
am__untar='$${TAR-tar} xf -'
>>>>>>> 0b7f7a1 (Clean up and add local files)
bindir='${exec_prefix}/bin'
build='x86_64-pc-linux-gnu'
build_alias=''
build_cpu='x86_64'
build_os='linux-gnu'
build_vendor='pc'
datadir='${datarootdir}'
datarootdir='${prefix}/share'
docdir='${datarootdir}/doc/${PACKAGE_TARNAME}'
dvidir='${docdir}'
exec_prefix='${prefix}'
host='x86_64-pc-linux-gnu'
host_alias=''
host_cpu='x86_64'
host_os='linux-gnu'
host_vendor='pc'
htmldir='${docdir}'
includedir='${prefix}/include'
infodir='${datarootdir}/info'
<<<<<<< HEAD
install_sh='${SHELL} /home/libert/Data/megasync/Coding/libhangul/2_libhangul/install-sh'
=======
install_sh='${SHELL} /home/libert/Data/megasync/Coding/libhangul/libhangul_installed/install-sh'
>>>>>>> 0b7f7a1 (Clean up and add local files)
libdir='${exec_prefix}/lib'
libexecdir='${exec_prefix}/libexec'
localedir='${datarootdir}/locale'
localstatedir='${prefix}/var'
mandir='${datarootdir}/man'
mkdir_p='$(MKDIR_P)'
oldincludedir='/usr/include'
pdfdir='${docdir}'
prefix='/usr'
program_transform_name='s,x,x,'
psdir='${docdir}'
runstatedir='${localstatedir}/run'
sbindir='${exec_prefix}/sbin'
sharedstatedir='${prefix}/com'
sysconfdir='${prefix}/etc'
target_alias=''

## ----------- ##
## confdefs.h. ##
## ----------- ##

/* confdefs.h */
#define PACKAGE_NAME "libhangul"
#define PACKAGE_TARNAME "libhangul"
#define PACKAGE_VERSION "0.1.0"
#define PACKAGE_STRING "libhangul 0.1.0"
#define PACKAGE_BUGREPORT "https://github.com/libhangul/libhangul"
#define PACKAGE_URL ""
#define PACKAGE "libhangul"
#define VERSION "0.1.0"
#define ENABLE_NLS 1
#define HAVE_GETTEXT 1
#define HAVE_DCGETTEXT 1
#define HAVE_STDIO_H 1
#define HAVE_STDLIB_H 1
#define HAVE_STRING_H 1
#define HAVE_INTTYPES_H 1
#define HAVE_STDINT_H 1
#define HAVE_STRINGS_H 1
#define HAVE_SYS_STAT_H 1
#define HAVE_SYS_TYPES_H 1
#define HAVE_UNISTD_H 1
#define HAVE_SYS_PARAM_H 1
#define STDC_HEADERS 1
#define HAVE_DLFCN_H 1
#define LT_OBJDIR ".libs/"
#define HAVE_STDLIB_H 1
#define HAVE_STRING_H 1
#define HAVE_LIMITS_H 1
#define HAVE_LANGINFO_H 1
#define HAVE_GLOB_H 1
#define HAVE__BOOL 1
#define HAVE_STDBOOL_H 1
#define HAVE_GETPAGESIZE 1
#define HAVE_MMAP 1
#define HAVE_REALLOC 1
#define HAVE_MUNMAP 1
#define HAVE_STRCASECMP 1
#define HAVE_NL_LANGINFO 1
#define GETTEXT_PACKAGE "libhangul"
#define HAVE_ICONV 1
#define ICONV_CONST 
#define ENABLE_NLS 1
#define ENABLE_EXTERNAL_KEYBOARDS 1

configure: exit 0
